[debug] [2021-11-09T22:03:19.970Z] ----------------------------------------------------------------------
[debug] [2021-11-09T22:03:19.973Z] Command:       D:\Node Js\node.exe C:\Users\besar\AppData\Roaming\npm\node_modules\firebase-tools\lib\bin\firebase.js emulators:start
[debug] [2021-11-09T22:03:19.974Z] CLI Version:   9.20.0
[debug] [2021-11-09T22:03:19.974Z] Platform:      win32
[debug] [2021-11-09T22:03:19.974Z] Node Version:  v14.17.3
[debug] [2021-11-09T22:03:19.975Z] Time:          Tue Nov 09 2021 23:03:19 GMT+0100 (Central European Standard Time)
[debug] [2021-11-09T22:03:19.975Z] ----------------------------------------------------------------------
[debug] 
[debug] [2021-11-09T22:03:20.045Z] > command requires scopes: ["email","openid","https://www.googleapis.com/auth/cloudplatformprojects.readonly","https://www.googleapis.com/auth/firebase","https://www.googleapis.com/auth/cloud-platform"]
[debug] [2021-11-09T22:03:20.046Z] > authorizing via signed-in user (besartzeqiri54@gmail.com)
[info] i  emulators: Starting emulators: functions, hosting {"metadata":{"emulator":{"name":"hub"},"message":"Starting emulators: functions, hosting"}}
[debug] [2021-11-09T22:03:20.096Z] [hub] writing locator at C:\Users\besar\AppData\Local\Temp\hub-fir-7bfaa.json
[warn] !  functions: The following emulators are not running, calls to these services from the Functions emulator will affect production: auth, firestore, database, pubsub, storage {"metadata":{"emulator":{"name":"functions"},"message":"The following emulators are not running, calls to these services from the Functions emulator will affect production: \u001b[1mauth, firestore, database, pubsub, storage\u001b[22m"}}
[info] +  functions: Using node@14 from host. {"metadata":{"emulator":{"name":"functions"},"message":"Using node@14 from host."}}
[debug] [2021-11-09T22:03:20.148Z] defaultcredentials: writing to file C:\Users\besar\AppData\Roaming\firebase\besartzeqiri54_gmail_com_application_default_credentials.json
[debug] [2021-11-09T22:03:20.151Z] Setting GAC to C:\Users\besar\AppData\Roaming\firebase\besartzeqiri54_gmail_com_application_default_credentials.json {"metadata":{"emulator":{"name":"functions"},"message":"Setting GAC to C:\\Users\\besar\\AppData\\Roaming\\firebase\\besartzeqiri54_gmail_com_application_default_credentials.json"}}
[debug] [2021-11-09T22:03:20.155Z] >>> [apiv2][query] GET https://firebase.googleapis.com/v1beta1/projects/fir-7bfaa/adminSdkConfig [none]
[debug] [2021-11-09T22:03:20.546Z] <<< [apiv2][status] GET https://firebase.googleapis.com/v1beta1/projects/fir-7bfaa/adminSdkConfig 200
[debug] [2021-11-09T22:03:20.546Z] <<< [apiv2][body] GET https://firebase.googleapis.com/v1beta1/projects/fir-7bfaa/adminSdkConfig {"projectId":"fir-7bfaa","storageBucket":"fir-7bfaa.appspot.com","locationId":"europe-west"}
[debug] [2021-11-09T22:03:20.569Z] >>> [apiv2][query] GET https://firebasehosting.googleapis.com/v1beta1/projects/fir-7bfaa/sites 
[debug] [2021-11-09T22:03:21.658Z] <<< [apiv2][status] GET https://firebasehosting.googleapis.com/v1beta1/projects/fir-7bfaa/sites 200
[debug] [2021-11-09T22:03:21.658Z] <<< [apiv2][body] GET https://firebasehosting.googleapis.com/v1beta1/projects/fir-7bfaa/sites {"sites":[{"name":"projects/460519757840/sites/fir-7bfaa","defaultUrl":"https://fir-7bfaa.web.app","appId":"1:460519757840:web:a40ef862f5c720627b9295","type":"DEFAULT_SITE"}]}
[debug] [2021-11-09T22:03:21.658Z] >>> [apiv2][query] GET https://firebase.googleapis.com/v1beta1/projects/fir-7bfaa/webApps/1:460519757840:web:a40ef862f5c720627b9295/config [none]
[debug] [2021-11-09T22:03:22.564Z] <<< [apiv2][status] GET https://firebase.googleapis.com/v1beta1/projects/fir-7bfaa/webApps/1:460519757840:web:a40ef862f5c720627b9295/config 200
[debug] [2021-11-09T22:03:22.565Z] <<< [apiv2][body] GET https://firebase.googleapis.com/v1beta1/projects/fir-7bfaa/webApps/1:460519757840:web:a40ef862f5c720627b9295/config {"projectId":"fir-7bfaa","appId":"1:460519757840:web:a40ef862f5c720627b9295","storageBucket":"fir-7bfaa.appspot.com","locationId":"europe-west","apiKey":"AIzaSyCisGCn3xsSe-pGsOaIW8C8H8XJxq08fEM","authDomain":"fir-7bfaa.firebaseapp.com","messagingSenderId":"460519757840","measurementId":"G-13P8PQD5ZE"}
[info] i  hosting: Serving hosting files from: public {"metadata":{"emulator":{"name":"hosting"},"message":"Serving hosting files from: \u001b[1mpublic\u001b[22m"}}
[info] +  hosting: Local server: http://localhost:5000 {"metadata":{"emulator":{"name":"hosting"},"message":"Local server: \u001b[4m\u001b[1mhttp://localhost:5000\u001b[22m\u001b[24m"}}
[debug] [2021-11-09T22:03:22.609Z] Ignoring unsupported arg: auto_download {"metadata":{"emulator":{"name":"ui"},"message":"Ignoring unsupported arg: auto_download"}}
[debug] [2021-11-09T22:03:22.609Z] Ignoring unsupported arg: port {"metadata":{"emulator":{"name":"ui"},"message":"Ignoring unsupported arg: port"}}
[debug] [2021-11-09T22:03:22.609Z] Starting Emulator UI with command {"binary":"node","args":["C:\\Users\\besar\\.cache\\firebase\\emulators\\ui-v1.6.3\\server.bundle.js"],"optionalArgs":[],"joinArgs":false} {"metadata":{"emulator":{"name":"ui"},"message":"Starting Emulator UI with command {\"binary\":\"node\",\"args\":[\"C:\\\\Users\\\\besar\\\\.cache\\\\firebase\\\\emulators\\\\ui-v1.6.3\\\\server.bundle.js\"],\"optionalArgs\":[],\"joinArgs\":false}"}}
[info] i  ui: Emulator UI logging to ui-debug.log {"metadata":{"emulator":{"name":"ui"},"message":"Emulator UI logging to \u001b[1mui-debug.log\u001b[22m"}}
[debug] [2021-11-09T22:03:22.816Z] Web / API server started at localhost:4000
 {"metadata":{"emulator":{"name":"ui"},"message":"Web / API server started at localhost:4000\n"}}
[info] i  functions: Watching "C:\Users\besar\OneDrive\Desktop\Amazon\Amazon\functions" for Cloud Functions... {"metadata":{"emulator":{"name":"functions"},"message":"Watching \"C:\\Users\\besar\\OneDrive\\Desktop\\Amazon\\Amazon\\functions\" for Cloud Functions..."}}
[debug] [2021-11-09T22:03:22.909Z] [worker-pool] addWorker(~diagnostic~) {"metadata":{"emulator":{"name":"functions"},"message":"[worker-pool] addWorker(~diagnostic~)"}}
[debug] [2021-11-09T22:03:22.910Z] [worker-pool] Adding worker with key ~diagnostic~, total=1 {"metadata":{"emulator":{"name":"functions"},"message":"[worker-pool] Adding worker with key ~diagnostic~, total=1"}}
[debug] [2021-11-09T22:03:22.910Z] [worker-pool] submitWork(triggerId=) {"metadata":{"emulator":{"name":"functions"},"message":"[worker-pool] submitWork(triggerId=)"}}
[debug] [2021-11-09T22:03:22.912Z] [worker-~diagnostic~-e48c9d78-602a-4792-9c9a-44fa2a4c45c0]: Assigning socketPath: \\?\pipe\C:\Users\besar\OneDrive\Desktop\Amazon\Amazon\functions\9956 {"metadata":{"emulator":{"name":"functions"},"message":"[worker-~diagnostic~-e48c9d78-602a-4792-9c9a-44fa2a4c45c0]: Assigning socketPath: \\\\?\\pipe\\C:\\Users\\besar\\OneDrive\\Desktop\\Amazon\\Amazon\\functions\\9956"}}
[debug] [2021-11-09T22:03:22.913Z] [worker-~diagnostic~-e48c9d78-602a-4792-9c9a-44fa2a4c45c0]: BUSY {"metadata":{"emulator":{"name":"functions"},"message":"[worker-~diagnostic~-e48c9d78-602a-4792-9c9a-44fa2a4c45c0]: BUSY"}}
[debug] [2021-11-09T22:03:23.240Z] [runtime-status] [9956] Functions runtime initialized. {"cwd":"C:\\Users\\besar\\OneDrive\\Desktop\\Amazon\\Amazon\\functions","node_version":"14.17.3"} {"metadata":{"emulator":{"name":"functions"},"message":"[runtime-status] [9956] Functions runtime initialized. {\"cwd\":\"C:\\\\Users\\\\besar\\\\OneDrive\\\\Desktop\\\\Amazon\\\\Amazon\\\\functions\",\"node_version\":\"14.17.3\"}"}}
[debug] [2021-11-09T22:03:23.242Z] [runtime-status] [9956] Disabled runtime features: undefined {"metadata":{"emulator":{"name":"functions"},"message":"[runtime-status] [9956] Disabled runtime features: undefined"}}
[debug] [2021-11-09T22:03:23.246Z] [runtime-status] [9956] Resolved module firebase-admin {"declared":true,"installed":true,"version":"9.12.0","resolution":"C:\\Users\\besar\\OneDrive\\Desktop\\Amazon\\Amazon\\functions\\node_modules\\firebase-admin\\lib\\index.js"} {"metadata":{"emulator":{"name":"functions"},"message":"[runtime-status] [9956] Resolved module firebase-admin {\"declared\":true,\"installed\":true,\"version\":\"9.12.0\",\"resolution\":\"C:\\\\Users\\\\besar\\\\OneDrive\\\\Desktop\\\\Amazon\\\\Amazon\\\\functions\\\\node_modules\\\\firebase-admin\\\\lib\\\\index.js\"}"}}
[debug] [2021-11-09T22:03:23.250Z] [runtime-status] [9956] Resolved module firebase-functions {"declared":true,"installed":true,"version":"3.15.7","resolution":"C:\\Users\\besar\\OneDrive\\Desktop\\Amazon\\Amazon\\functions\\node_modules\\firebase-functions\\lib\\index.js"} {"metadata":{"emulator":{"name":"functions"},"message":"[runtime-status] [9956] Resolved module firebase-functions {\"declared\":true,\"installed\":true,\"version\":\"3.15.7\",\"resolution\":\"C:\\\\Users\\\\besar\\\\OneDrive\\\\Desktop\\\\Amazon\\\\Amazon\\\\functions\\\\node_modules\\\\firebase-functions\\\\lib\\\\index.js\"}"}}
[debug] [2021-11-09T22:03:23.252Z] [runtime-status] [9956] Outgoing network have been stubbed. [{"name":"http","status":"mocked"},{"name":"http","status":"mocked"},{"name":"https","status":"mocked"},{"name":"https","status":"mocked"},{"name":"net","status":"mocked"}] {"metadata":{"emulator":{"name":"functions"},"message":"[runtime-status] [9956] Outgoing network have been stubbed. [{\"name\":\"http\",\"status\":\"mocked\"},{\"name\":\"http\",\"status\":\"mocked\"},{\"name\":\"https\",\"status\":\"mocked\"},{\"name\":\"https\",\"status\":\"mocked\"},{\"name\":\"net\",\"status\":\"mocked\"}]"}}
[debug] [2021-11-09T22:03:23.254Z] [runtime-status] [9956] Resolved module firebase-functions {"declared":true,"installed":true,"version":"3.15.7","resolution":"C:\\Users\\besar\\OneDrive\\Desktop\\Amazon\\Amazon\\functions\\node_modules\\firebase-functions\\lib\\index.js"} {"metadata":{"emulator":{"name":"functions"},"message":"[runtime-status] [9956] Resolved module firebase-functions {\"declared\":true,\"installed\":true,\"version\":\"3.15.7\",\"resolution\":\"C:\\\\Users\\\\besar\\\\OneDrive\\\\Desktop\\\\Amazon\\\\Amazon\\\\functions\\\\node_modules\\\\firebase-functions\\\\lib\\\\index.js\"}"}}
[debug] [2021-11-09T22:03:23.311Z] [runtime-status] [9956] Checked functions.config() {"config":{}} {"metadata":{"emulator":{"name":"functions"},"message":"[runtime-status] [9956] Checked functions.config() {\"config\":{}}"}}
[debug] [2021-11-09T22:03:23.312Z] [runtime-status] [9956] firebase-functions has been stubbed. {"functionsResolution":{"declared":true,"installed":true,"version":"3.15.7","resolution":"C:\\Users\\besar\\OneDrive\\Desktop\\Amazon\\Amazon\\functions\\node_modules\\firebase-functions\\lib\\index.js"}} {"metadata":{"emulator":{"name":"functions"},"message":"[runtime-status] [9956] firebase-functions has been stubbed. {\"functionsResolution\":{\"declared\":true,\"installed\":true,\"version\":\"3.15.7\",\"resolution\":\"C:\\\\Users\\\\besar\\\\OneDrive\\\\Desktop\\\\Amazon\\\\Amazon\\\\functions\\\\node_modules\\\\firebase-functions\\\\lib\\\\index.js\"}}"}}
[debug] [2021-11-09T22:03:23.313Z] [runtime-status] [9956] Resolved module firebase-functions {"declared":true,"installed":true,"version":"3.15.7","resolution":"C:\\Users\\besar\\OneDrive\\Desktop\\Amazon\\Amazon\\functions\\node_modules\\firebase-functions\\lib\\index.js"} {"metadata":{"emulator":{"name":"functions"},"message":"[runtime-status] [9956] Resolved module firebase-functions {\"declared\":true,\"installed\":true,\"version\":\"3.15.7\",\"resolution\":\"C:\\\\Users\\\\besar\\\\OneDrive\\\\Desktop\\\\Amazon\\\\Amazon\\\\functions\\\\node_modules\\\\firebase-functions\\\\lib\\\\index.js\"}"}}
[debug] [2021-11-09T22:03:23.315Z] [runtime-status] [9956] Resolved module firebase-admin {"declared":true,"installed":true,"version":"9.12.0","resolution":"C:\\Users\\besar\\OneDrive\\Desktop\\Amazon\\Amazon\\functions\\node_modules\\firebase-admin\\lib\\index.js"} {"metadata":{"emulator":{"name":"functions"},"message":"[runtime-status] [9956] Resolved module firebase-admin {\"declared\":true,\"installed\":true,\"version\":\"9.12.0\",\"resolution\":\"C:\\\\Users\\\\besar\\\\OneDrive\\\\Desktop\\\\Amazon\\\\Amazon\\\\functions\\\\node_modules\\\\firebase-admin\\\\lib\\\\index.js\"}"}}
[debug] [2021-11-09T22:03:23.316Z] [runtime-status] [9956] Resolved module firebase-functions {"declared":true,"installed":true,"version":"3.15.7","resolution":"C:\\Users\\besar\\OneDrive\\Desktop\\Amazon\\Amazon\\functions\\node_modules\\firebase-functions\\lib\\index.js"} {"metadata":{"emulator":{"name":"functions"},"message":"[runtime-status] [9956] Resolved module firebase-functions {\"declared\":true,\"installed\":true,\"version\":\"3.15.7\",\"resolution\":\"C:\\\\Users\\\\besar\\\\OneDrive\\\\Desktop\\\\Amazon\\\\Amazon\\\\functions\\\\node_modules\\\\firebase-functions\\\\lib\\\\index.js\"}"}}
[debug] [2021-11-09T22:03:23.316Z] [runtime-status] [9956] firebase-admin has been stubbed. {"adminResolution":{"declared":true,"installed":true,"version":"9.12.0","resolution":"C:\\Users\\besar\\OneDrive\\Desktop\\Amazon\\Amazon\\functions\\node_modules\\firebase-admin\\lib\\index.js"}} {"metadata":{"emulator":{"name":"functions"},"message":"[runtime-status] [9956] firebase-admin has been stubbed. {\"adminResolution\":{\"declared\":true,\"installed\":true,\"version\":\"9.12.0\",\"resolution\":\"C:\\\\Users\\\\besar\\\\OneDrive\\\\Desktop\\\\Amazon\\\\Amazon\\\\functions\\\\node_modules\\\\firebase-admin\\\\lib\\\\index.js\"}}"}}
[info] +  functions[us-central1-api]: http function initialized (http://localhost:5001/fir-7bfaa/us-central1/api). {"metadata":{"emulator":{"name":"functions"},"message":"\u001b[1mhttp\u001b[22m function initialized (http://localhost:5001/fir-7bfaa/us-central1/api)."}}
[info] 
┌─────────────────────────────────────────────────────────────┐
│ ✔  All emulators ready! It is now safe to connect your app. │
│ i  View Emulator UI at http://localhost:4000                │
└─────────────────────────────────────────────────────────────┘

┌───────────┬────────────────┬─────────────────────────────────┐
│ Emulator  │ Host:Port      │ View in Emulator UI             │
├───────────┼────────────────┼─────────────────────────────────┤
│ Functions │ localhost:5001 │ http://localhost:4000/functions │
├───────────┼────────────────┼─────────────────────────────────┤
│ Hosting   │ localhost:5000 │ n/a                             │
└───────────┴────────────────┴─────────────────────────────────┘
  Emulator Hub running at localhost:4400
  Other reserved ports: 4500

Issues? Report them at https://github.com/firebase/firebase-tools/issues and attach the *-debug.log files.
 
[debug] [2021-11-09T22:03:23.545Z] [worker-~diagnostic~-e48c9d78-602a-4792-9c9a-44fa2a4c45c0]: IDLE {"metadata":{"emulator":{"name":"functions"},"message":"[worker-~diagnostic~-e48c9d78-602a-4792-9c9a-44fa2a4c45c0]: IDLE"}}
[debug] [2021-11-09T22:09:19.370Z] File C:\Users\besar\OneDrive\Desktop\Amazon\Amazon\functions\index.js changed, reloading triggers {"metadata":{"emulator":{"name":"functions"},"message":"File C:\\Users\\besar\\OneDrive\\Desktop\\Amazon\\Amazon\\functions\\index.js changed, reloading triggers"}}
[debug] [2021-11-09T22:09:20.382Z] [worker-pool] Shutting down IDLE worker (~diagnostic~) {"metadata":{"emulator":{"name":"functions"},"message":"[worker-pool] Shutting down IDLE worker (~diagnostic~)"}}
[debug] [2021-11-09T22:09:20.382Z] [worker-~diagnostic~-e48c9d78-602a-4792-9c9a-44fa2a4c45c0]: FINISHING {"metadata":{"emulator":{"name":"functions"},"message":"[worker-~diagnostic~-e48c9d78-602a-4792-9c9a-44fa2a4c45c0]: FINISHING"}}
[debug] [2021-11-09T22:09:20.395Z] [worker-pool] addWorker(~diagnostic~) {"metadata":{"emulator":{"name":"functions"},"message":"[worker-pool] addWorker(~diagnostic~)"}}
[debug] [2021-11-09T22:09:20.396Z] [worker-pool] Adding worker with key ~diagnostic~, total=2 {"metadata":{"emulator":{"name":"functions"},"message":"[worker-pool] Adding worker with key ~diagnostic~, total=2"}}
[debug] [2021-11-09T22:09:20.396Z] [worker-pool] submitWork(triggerId=) {"metadata":{"emulator":{"name":"functions"},"message":"[worker-pool] submitWork(triggerId=)"}}
[debug] [2021-11-09T22:09:20.396Z] [worker-~diagnostic~-2ba0a99b-4cd0-4dff-acdb-e61f8d2931e7]: Assigning socketPath: \\?\pipe\C:\Users\besar\OneDrive\Desktop\Amazon\Amazon\functions\6152 {"metadata":{"emulator":{"name":"functions"},"message":"[worker-~diagnostic~-2ba0a99b-4cd0-4dff-acdb-e61f8d2931e7]: Assigning socketPath: \\\\?\\pipe\\C:\\Users\\besar\\OneDrive\\Desktop\\Amazon\\Amazon\\functions\\6152"}}
[debug] [2021-11-09T22:09:20.396Z] [worker-~diagnostic~-2ba0a99b-4cd0-4dff-acdb-e61f8d2931e7]: BUSY {"metadata":{"emulator":{"name":"functions"},"message":"[worker-~diagnostic~-2ba0a99b-4cd0-4dff-acdb-e61f8d2931e7]: BUSY"}}
[debug] [2021-11-09T22:09:20.399Z] [worker-~diagnostic~-e48c9d78-602a-4792-9c9a-44fa2a4c45c0]: exited {"metadata":{"emulator":{"name":"functions"},"message":"[worker-~diagnostic~-e48c9d78-602a-4792-9c9a-44fa2a4c45c0]: exited"}}
[debug] [2021-11-09T22:09:20.399Z] [worker-~diagnostic~-e48c9d78-602a-4792-9c9a-44fa2a4c45c0]: FINISHED {"metadata":{"emulator":{"name":"functions"},"message":"[worker-~diagnostic~-e48c9d78-602a-4792-9c9a-44fa2a4c45c0]: FINISHED"}}
[debug] [2021-11-09T22:09:20.801Z] [runtime-status] [6152] Functions runtime initialized. {"cwd":"C:\\Users\\besar\\OneDrive\\Desktop\\Amazon\\Amazon\\functions","node_version":"14.17.3"} {"metadata":{"emulator":{"name":"functions"},"message":"[runtime-status] [6152] Functions runtime initialized. {\"cwd\":\"C:\\\\Users\\\\besar\\\\OneDrive\\\\Desktop\\\\Amazon\\\\Amazon\\\\functions\",\"node_version\":\"14.17.3\"}"}}
[debug] [2021-11-09T22:09:20.808Z] [runtime-status] [6152] Disabled runtime features: undefined {"metadata":{"emulator":{"name":"functions"},"message":"[runtime-status] [6152] Disabled runtime features: undefined"}}
[debug] [2021-11-09T22:09:20.816Z] [runtime-status] [6152] Resolved module firebase-admin {"declared":true,"installed":true,"version":"9.12.0","resolution":"C:\\Users\\besar\\OneDrive\\Desktop\\Amazon\\Amazon\\functions\\node_modules\\firebase-admin\\lib\\index.js"} {"metadata":{"emulator":{"name":"functions"},"message":"[runtime-status] [6152] Resolved module firebase-admin {\"declared\":true,\"installed\":true,\"version\":\"9.12.0\",\"resolution\":\"C:\\\\Users\\\\besar\\\\OneDrive\\\\Desktop\\\\Amazon\\\\Amazon\\\\functions\\\\node_modules\\\\firebase-admin\\\\lib\\\\index.js\"}"}}
[debug] [2021-11-09T22:09:20.823Z] [runtime-status] [6152] Resolved module firebase-functions {"declared":true,"installed":true,"version":"3.15.7","resolution":"C:\\Users\\besar\\OneDrive\\Desktop\\Amazon\\Amazon\\functions\\node_modules\\firebase-functions\\lib\\index.js"} {"metadata":{"emulator":{"name":"functions"},"message":"[runtime-status] [6152] Resolved module firebase-functions {\"declared\":true,\"installed\":true,\"version\":\"3.15.7\",\"resolution\":\"C:\\\\Users\\\\besar\\\\OneDrive\\\\Desktop\\\\Amazon\\\\Amazon\\\\functions\\\\node_modules\\\\firebase-functions\\\\lib\\\\index.js\"}"}}
[debug] [2021-11-09T22:09:20.827Z] [runtime-status] [6152] Outgoing network have been stubbed. [{"name":"http","status":"mocked"},{"name":"http","status":"mocked"},{"name":"https","status":"mocked"},{"name":"https","status":"mocked"},{"name":"net","status":"mocked"}] {"metadata":{"emulator":{"name":"functions"},"message":"[runtime-status] [6152] Outgoing network have been stubbed. [{\"name\":\"http\",\"status\":\"mocked\"},{\"name\":\"http\",\"status\":\"mocked\"},{\"name\":\"https\",\"status\":\"mocked\"},{\"name\":\"https\",\"status\":\"mocked\"},{\"name\":\"net\",\"status\":\"mocked\"}]"}}
[debug] [2021-11-09T22:09:20.830Z] [runtime-status] [6152] Resolved module firebase-functions {"declared":true,"installed":true,"version":"3.15.7","resolution":"C:\\Users\\besar\\OneDrive\\Desktop\\Amazon\\Amazon\\functions\\node_modules\\firebase-functions\\lib\\index.js"} {"metadata":{"emulator":{"name":"functions"},"message":"[runtime-status] [6152] Resolved module firebase-functions {\"declared\":true,\"installed\":true,\"version\":\"3.15.7\",\"resolution\":\"C:\\\\Users\\\\besar\\\\OneDrive\\\\Desktop\\\\Amazon\\\\Amazon\\\\functions\\\\node_modules\\\\firebase-functions\\\\lib\\\\index.js\"}"}}
[debug] [2021-11-09T22:09:20.939Z] [runtime-status] [6152] Checked functions.config() {"config":{}} {"metadata":{"emulator":{"name":"functions"},"message":"[runtime-status] [6152] Checked functions.config() {\"config\":{}}"}}
[debug] [2021-11-09T22:09:20.940Z] [runtime-status] [6152] firebase-functions has been stubbed. {"functionsResolution":{"declared":true,"installed":true,"version":"3.15.7","resolution":"C:\\Users\\besar\\OneDrive\\Desktop\\Amazon\\Amazon\\functions\\node_modules\\firebase-functions\\lib\\index.js"}} {"metadata":{"emulator":{"name":"functions"},"message":"[runtime-status] [6152] firebase-functions has been stubbed. {\"functionsResolution\":{\"declared\":true,\"installed\":true,\"version\":\"3.15.7\",\"resolution\":\"C:\\\\Users\\\\besar\\\\OneDrive\\\\Desktop\\\\Amazon\\\\Amazon\\\\functions\\\\node_modules\\\\firebase-functions\\\\lib\\\\index.js\"}}"}}
[debug] [2021-11-09T22:09:20.941Z] [runtime-status] [6152] Resolved module firebase-functions {"declared":true,"installed":true,"version":"3.15.7","resolution":"C:\\Users\\besar\\OneDrive\\Desktop\\Amazon\\Amazon\\functions\\node_modules\\firebase-functions\\lib\\index.js"} {"metadata":{"emulator":{"name":"functions"},"message":"[runtime-status] [6152] Resolved module firebase-functions {\"declared\":true,\"installed\":true,\"version\":\"3.15.7\",\"resolution\":\"C:\\\\Users\\\\besar\\\\OneDrive\\\\Desktop\\\\Amazon\\\\Amazon\\\\functions\\\\node_modules\\\\firebase-functions\\\\lib\\\\index.js\"}"}}
[debug] [2021-11-09T22:09:20.944Z] [runtime-status] [6152] Resolved module firebase-admin {"declared":true,"installed":true,"version":"9.12.0","resolution":"C:\\Users\\besar\\OneDrive\\Desktop\\Amazon\\Amazon\\functions\\node_modules\\firebase-admin\\lib\\index.js"} {"metadata":{"emulator":{"name":"functions"},"message":"[runtime-status] [6152] Resolved module firebase-admin {\"declared\":true,\"installed\":true,\"version\":\"9.12.0\",\"resolution\":\"C:\\\\Users\\\\besar\\\\OneDrive\\\\Desktop\\\\Amazon\\\\Amazon\\\\functions\\\\node_modules\\\\firebase-admin\\\\lib\\\\index.js\"}"}}
[debug] [2021-11-09T22:09:20.945Z] [runtime-status] [6152] Resolved module firebase-functions {"declared":true,"installed":true,"version":"3.15.7","resolution":"C:\\Users\\besar\\OneDrive\\Desktop\\Amazon\\Amazon\\functions\\node_modules\\firebase-functions\\lib\\index.js"} {"metadata":{"emulator":{"name":"functions"},"message":"[runtime-status] [6152] Resolved module firebase-functions {\"declared\":true,\"installed\":true,\"version\":\"3.15.7\",\"resolution\":\"C:\\\\Users\\\\besar\\\\OneDrive\\\\Desktop\\\\Amazon\\\\Amazon\\\\functions\\\\node_modules\\\\firebase-functions\\\\lib\\\\index.js\"}"}}
[debug] [2021-11-09T22:09:20.945Z] [runtime-status] [6152] firebase-admin has been stubbed. {"adminResolution":{"declared":true,"installed":true,"version":"9.12.0","resolution":"C:\\Users\\besar\\OneDrive\\Desktop\\Amazon\\Amazon\\functions\\node_modules\\firebase-admin\\lib\\index.js"}} {"metadata":{"emulator":{"name":"functions"},"message":"[runtime-status] [6152] firebase-admin has been stubbed. {\"adminResolution\":{\"declared\":true,\"installed\":true,\"version\":\"9.12.0\",\"resolution\":\"C:\\\\Users\\\\besar\\\\OneDrive\\\\Desktop\\\\Amazon\\\\Amazon\\\\functions\\\\node_modules\\\\firebase-admin\\\\lib\\\\index.js\"}}"}}
[debug] [2021-11-09T22:09:21.184Z] [worker-~diagnostic~-2ba0a99b-4cd0-4dff-acdb-e61f8d2931e7]: IDLE {"metadata":{"emulator":{"name":"functions"},"message":"[worker-~diagnostic~-2ba0a99b-4cd0-4dff-acdb-e61f8d2931e7]: IDLE"}}
[debug] [2021-11-09T22:12:31.302Z] [work-queue] {"queueLength":1,"workRunningCount":0}
[debug] [2021-11-09T22:12:31.302Z] [work-queue] {"queueLength":0,"workRunningCount":1}
[debug] [2021-11-09T22:12:31.303Z] Accepted request GET /fir-7bfaa/us-central1/api --> us-central1-api
[debug] [2021-11-09T22:12:31.303Z] [worker-pool] Cleaned up workers for ~diagnostic~: 2 --> 1 {"metadata":{"emulator":{"name":"functions"},"message":"[worker-pool] Cleaned up workers for ~diagnostic~: 2 --> 1"}}
[debug] [2021-11-09T22:12:31.310Z] [worker-pool] addWorker(us-central1-api) {"metadata":{"emulator":{"name":"functions"},"message":"[worker-pool] addWorker(us-central1-api)"}}
[debug] [2021-11-09T22:12:31.310Z] [worker-pool] Adding worker with key us-central1-api, total=1 {"metadata":{"emulator":{"name":"functions"},"message":"[worker-pool] Adding worker with key us-central1-api, total=1"}}
[debug] [2021-11-09T22:12:31.311Z] [worker-pool] submitWork(triggerId=us-central1-api) {"metadata":{"emulator":{"name":"functions"},"message":"[worker-pool] submitWork(triggerId=us-central1-api)"}}
[debug] [2021-11-09T22:12:31.311Z] [worker-us-central1-api-3de1fa08-6611-468c-8b83-af8701ec2bc9]: Assigning socketPath: \\?\pipe\C:\Users\besar\OneDrive\Desktop\Amazon\Amazon\functions\11492 {"metadata":{"emulator":{"name":"functions"},"message":"[worker-us-central1-api-3de1fa08-6611-468c-8b83-af8701ec2bc9]: Assigning socketPath: \\\\?\\pipe\\C:\\Users\\besar\\OneDrive\\Desktop\\Amazon\\Amazon\\functions\\11492"}}
[debug] [2021-11-09T22:12:31.311Z] [worker-us-central1-api-3de1fa08-6611-468c-8b83-af8701ec2bc9]: BUSY {"metadata":{"emulator":{"name":"functions"},"message":"[worker-us-central1-api-3de1fa08-6611-468c-8b83-af8701ec2bc9]: BUSY"}}
[debug] [2021-11-09T22:12:31.652Z] [runtime-status] [11492] Functions runtime initialized. {"cwd":"C:\\Users\\besar\\OneDrive\\Desktop\\Amazon\\Amazon\\functions","node_version":"14.17.3"} {"metadata":{"emulator":{"name":"functions"},"function":{"name":"us-central1-api"},"message":"[runtime-status] [11492] Functions runtime initialized. {\"cwd\":\"C:\\\\Users\\\\besar\\\\OneDrive\\\\Desktop\\\\Amazon\\\\Amazon\\\\functions\",\"node_version\":\"14.17.3\"}"}}
[debug] [2021-11-09T22:12:31.656Z] [runtime-status] [11492] Disabled runtime features: undefined {"metadata":{"emulator":{"name":"functions"},"function":{"name":"us-central1-api"},"message":"[runtime-status] [11492] Disabled runtime features: undefined"}}
[debug] [2021-11-09T22:12:31.660Z] [runtime-status] [11492] Resolved module firebase-admin {"declared":true,"installed":true,"version":"9.12.0","resolution":"C:\\Users\\besar\\OneDrive\\Desktop\\Amazon\\Amazon\\functions\\node_modules\\firebase-admin\\lib\\index.js"} {"metadata":{"emulator":{"name":"functions"},"function":{"name":"us-central1-api"},"message":"[runtime-status] [11492] Resolved module firebase-admin {\"declared\":true,\"installed\":true,\"version\":\"9.12.0\",\"resolution\":\"C:\\\\Users\\\\besar\\\\OneDrive\\\\Desktop\\\\Amazon\\\\Amazon\\\\functions\\\\node_modules\\\\firebase-admin\\\\lib\\\\index.js\"}"}}
[debug] [2021-11-09T22:12:31.669Z] [runtime-status] [11492] Resolved module firebase-functions {"declared":true,"installed":true,"version":"3.15.7","resolution":"C:\\Users\\besar\\OneDrive\\Desktop\\Amazon\\Amazon\\functions\\node_modules\\firebase-functions\\lib\\index.js"} {"metadata":{"emulator":{"name":"functions"},"function":{"name":"us-central1-api"},"message":"[runtime-status] [11492] Resolved module firebase-functions {\"declared\":true,\"installed\":true,\"version\":\"3.15.7\",\"resolution\":\"C:\\\\Users\\\\besar\\\\OneDrive\\\\Desktop\\\\Amazon\\\\Amazon\\\\functions\\\\node_modules\\\\firebase-functions\\\\lib\\\\index.js\"}"}}
[debug] [2021-11-09T22:12:31.671Z] [runtime-status] [11492] Outgoing network have been stubbed. [{"name":"http","status":"mocked"},{"name":"http","status":"mocked"},{"name":"https","status":"mocked"},{"name":"https","status":"mocked"},{"name":"net","status":"mocked"}] {"metadata":{"emulator":{"name":"functions"},"function":{"name":"us-central1-api"},"message":"[runtime-status] [11492] Outgoing network have been stubbed. [{\"name\":\"http\",\"status\":\"mocked\"},{\"name\":\"http\",\"status\":\"mocked\"},{\"name\":\"https\",\"status\":\"mocked\"},{\"name\":\"https\",\"status\":\"mocked\"},{\"name\":\"net\",\"status\":\"mocked\"}]"}}
[debug] [2021-11-09T22:12:31.673Z] [runtime-status] [11492] Resolved module firebase-functions {"declared":true,"installed":true,"version":"3.15.7","resolution":"C:\\Users\\besar\\OneDrive\\Desktop\\Amazon\\Amazon\\functions\\node_modules\\firebase-functions\\lib\\index.js"} {"metadata":{"emulator":{"name":"functions"},"function":{"name":"us-central1-api"},"message":"[runtime-status] [11492] Resolved module firebase-functions {\"declared\":true,\"installed\":true,\"version\":\"3.15.7\",\"resolution\":\"C:\\\\Users\\\\besar\\\\OneDrive\\\\Desktop\\\\Amazon\\\\Amazon\\\\functions\\\\node_modules\\\\firebase-functions\\\\lib\\\\index.js\"}"}}
[debug] [2021-11-09T22:12:31.757Z] [runtime-status] [11492] Checked functions.config() {"config":{}} {"metadata":{"emulator":{"name":"functions"},"function":{"name":"us-central1-api"},"message":"[runtime-status] [11492] Checked functions.config() {\"config\":{}}"}}
[debug] [2021-11-09T22:12:31.758Z] [runtime-status] [11492] firebase-functions has been stubbed. {"functionsResolution":{"declared":true,"installed":true,"version":"3.15.7","resolution":"C:\\Users\\besar\\OneDrive\\Desktop\\Amazon\\Amazon\\functions\\node_modules\\firebase-functions\\lib\\index.js"}} {"metadata":{"emulator":{"name":"functions"},"function":{"name":"us-central1-api"},"message":"[runtime-status] [11492] firebase-functions has been stubbed. {\"functionsResolution\":{\"declared\":true,\"installed\":true,\"version\":\"3.15.7\",\"resolution\":\"C:\\\\Users\\\\besar\\\\OneDrive\\\\Desktop\\\\Amazon\\\\Amazon\\\\functions\\\\node_modules\\\\firebase-functions\\\\lib\\\\index.js\"}}"}}
[debug] [2021-11-09T22:12:31.759Z] [runtime-status] [11492] Resolved module firebase-functions {"declared":true,"installed":true,"version":"3.15.7","resolution":"C:\\Users\\besar\\OneDrive\\Desktop\\Amazon\\Amazon\\functions\\node_modules\\firebase-functions\\lib\\index.js"} {"metadata":{"emulator":{"name":"functions"},"function":{"name":"us-central1-api"},"message":"[runtime-status] [11492] Resolved module firebase-functions {\"declared\":true,\"installed\":true,\"version\":\"3.15.7\",\"resolution\":\"C:\\\\Users\\\\besar\\\\OneDrive\\\\Desktop\\\\Amazon\\\\Amazon\\\\functions\\\\node_modules\\\\firebase-functions\\\\lib\\\\index.js\"}"}}
[debug] [2021-11-09T22:12:31.761Z] [runtime-status] [11492] Resolved module firebase-admin {"declared":true,"installed":true,"version":"9.12.0","resolution":"C:\\Users\\besar\\OneDrive\\Desktop\\Amazon\\Amazon\\functions\\node_modules\\firebase-admin\\lib\\index.js"} {"metadata":{"emulator":{"name":"functions"},"function":{"name":"us-central1-api"},"message":"[runtime-status] [11492] Resolved module firebase-admin {\"declared\":true,\"installed\":true,\"version\":\"9.12.0\",\"resolution\":\"C:\\\\Users\\\\besar\\\\OneDrive\\\\Desktop\\\\Amazon\\\\Amazon\\\\functions\\\\node_modules\\\\firebase-admin\\\\lib\\\\index.js\"}"}}
[debug] [2021-11-09T22:12:31.762Z] [runtime-status] [11492] Resolved module firebase-functions {"declared":true,"installed":true,"version":"3.15.7","resolution":"C:\\Users\\besar\\OneDrive\\Desktop\\Amazon\\Amazon\\functions\\node_modules\\firebase-functions\\lib\\index.js"} {"metadata":{"emulator":{"name":"functions"},"function":{"name":"us-central1-api"},"message":"[runtime-status] [11492] Resolved module firebase-functions {\"declared\":true,\"installed\":true,\"version\":\"3.15.7\",\"resolution\":\"C:\\\\Users\\\\besar\\\\OneDrive\\\\Desktop\\\\Amazon\\\\Amazon\\\\functions\\\\node_modules\\\\firebase-functions\\\\lib\\\\index.js\"}"}}
[debug] [2021-11-09T22:12:31.762Z] [runtime-status] [11492] firebase-admin has been stubbed. {"adminResolution":{"declared":true,"installed":true,"version":"9.12.0","resolution":"C:\\Users\\besar\\OneDrive\\Desktop\\Amazon\\Amazon\\functions\\node_modules\\firebase-admin\\lib\\index.js"}} {"metadata":{"emulator":{"name":"functions"},"function":{"name":"us-central1-api"},"message":"[runtime-status] [11492] firebase-admin has been stubbed. {\"adminResolution\":{\"declared\":true,\"installed\":true,\"version\":\"9.12.0\",\"resolution\":\"C:\\\\Users\\\\besar\\\\OneDrive\\\\Desktop\\\\Amazon\\\\Amazon\\\\functions\\\\node_modules\\\\firebase-admin\\\\lib\\\\index.js\"}}"}}
[debug] [2021-11-09T22:12:32.059Z] [runtime-status] [11492] Trigger "us-central1-api" has been found, beginning invocation! {"metadata":{"emulator":{"name":"functions"},"function":{"name":"us-central1-api"},"message":"[runtime-status] [11492] Trigger \"us-central1-api\" has been found, beginning invocation!"}}
[info] i  functions: Beginning execution of "us-central1-api" {"metadata":{"emulator":{"name":"functions"},"function":{"name":"us-central1-api"},"message":"Beginning execution of \"us-central1-api\""}}
[debug] [2021-11-09T22:12:32.060Z] [runtime-status] [11492] triggerDefinition {"httpsTrigger":{},"name":"api","entryPoint":"api","regions":["us-central1"],"region":"us-central1","id":"us-central1-api"} {"metadata":{"emulator":{"name":"functions"},"function":{"name":"us-central1-api"},"message":"[runtime-status] [11492] triggerDefinition {\"httpsTrigger\":{},\"name\":\"api\",\"entryPoint\":\"api\",\"regions\":[\"us-central1\"],\"region\":\"us-central1\",\"id\":\"us-central1-api\"}"}}
[debug] [2021-11-09T22:12:32.061Z] [runtime-status] [11492] Running us-central1-api in signature http {"metadata":{"emulator":{"name":"functions"},"function":{"name":"us-central1-api"},"message":"[runtime-status] [11492] Running us-central1-api in signature http"}}
[debug] [2021-11-09T22:12:32.067Z] [runtime-status] [11492] Attempting to listen to socketPath: \\?\pipe\C:\Users\besar\OneDrive\Desktop\Amazon\Amazon\functions\11492 {"metadata":{"emulator":{"name":"functions"},"function":{"name":"us-central1-api"},"message":"[runtime-status] [11492] Attempting to listen to socketPath: \\\\?\\pipe\\C:\\Users\\besar\\OneDrive\\Desktop\\Amazon\\Amazon\\functions\\11492"}}
[debug] [2021-11-09T22:12:32.072Z] [functions] Runtime ready! Sending request! {"metadata":{"emulator":{"name":"functions"},"message":"[functions] Runtime ready! Sending request!"}}
[debug] [2021-11-09T22:12:32.073Z] [functions] Got req.url=/fir-7bfaa/us-central1/api, mapping to path=/ {"metadata":{"emulator":{"name":"functions"},"message":"[functions] Got req.url=/fir-7bfaa/us-central1/api, mapping to path=/"}}
[debug] [2021-11-09T22:12:32.087Z] [runtime-status] [11492] Ephemeral server handling GET request {"metadata":{"emulator":{"name":"functions"},"function":{"name":"us-central1-api"},"message":"[runtime-status] [11492] Ephemeral server handling GET request"}}
[debug] [2021-11-09T22:12:32.097Z] [runtime-status] [11492] Ephemeral server survived. {"metadata":{"emulator":{"name":"functions"},"function":{"name":"us-central1-api"},"message":"[runtime-status] [11492] Ephemeral server survived."}}
[info] i  functions: Finished "us-central1-api" in ~1s {"metadata":{"emulator":{"name":"functions"},"function":{"name":"us-central1-api"},"message":"Finished \"us-central1-api\" in ~1s"}}
[debug] [2021-11-09T22:12:32.139Z] [worker-us-central1-api-3de1fa08-6611-468c-8b83-af8701ec2bc9]: IDLE {"metadata":{"emulator":{"name":"functions"},"message":"[worker-us-central1-api-3de1fa08-6611-468c-8b83-af8701ec2bc9]: IDLE"}}
[debug] [2021-11-09T22:12:32.140Z] [work-queue] {"queueLength":0,"workRunningCount":0}
[debug] [2021-11-09T22:12:32.374Z] Functions emulator received unknown request at path /favicon.ico
[debug] [2021-11-09T22:13:46.013Z] File C:\Users\besar\OneDrive\Desktop\Amazon\Amazon\functions\index.js changed, reloading triggers {"metadata":{"emulator":{"name":"functions"},"message":"File C:\\Users\\besar\\OneDrive\\Desktop\\Amazon\\Amazon\\functions\\index.js changed, reloading triggers"}}
[debug] [2021-11-09T22:13:47.014Z] [worker-pool] Shutting down IDLE worker (~diagnostic~) {"metadata":{"emulator":{"name":"functions"},"message":"[worker-pool] Shutting down IDLE worker (~diagnostic~)"}}
[debug] [2021-11-09T22:13:47.015Z] [worker-~diagnostic~-2ba0a99b-4cd0-4dff-acdb-e61f8d2931e7]: FINISHING {"metadata":{"emulator":{"name":"functions"},"message":"[worker-~diagnostic~-2ba0a99b-4cd0-4dff-acdb-e61f8d2931e7]: FINISHING"}}
[debug] [2021-11-09T22:13:47.015Z] [worker-pool] Shutting down IDLE worker (us-central1-api) {"metadata":{"emulator":{"name":"functions"},"message":"[worker-pool] Shutting down IDLE worker (us-central1-api)"}}
[debug] [2021-11-09T22:13:47.015Z] [worker-us-central1-api-3de1fa08-6611-468c-8b83-af8701ec2bc9]: FINISHING {"metadata":{"emulator":{"name":"functions"},"message":"[worker-us-central1-api-3de1fa08-6611-468c-8b83-af8701ec2bc9]: FINISHING"}}
[debug] [2021-11-09T22:13:47.025Z] [worker-pool] addWorker(~diagnostic~) {"metadata":{"emulator":{"name":"functions"},"message":"[worker-pool] addWorker(~diagnostic~)"}}
[debug] [2021-11-09T22:13:47.025Z] [worker-pool] Adding worker with key ~diagnostic~, total=2 {"metadata":{"emulator":{"name":"functions"},"message":"[worker-pool] Adding worker with key ~diagnostic~, total=2"}}
[debug] [2021-11-09T22:13:47.025Z] [worker-pool] submitWork(triggerId=) {"metadata":{"emulator":{"name":"functions"},"message":"[worker-pool] submitWork(triggerId=)"}}
[debug] [2021-11-09T22:13:47.025Z] [worker-~diagnostic~-d7a50e01-8081-4e23-acce-3b5e0379c089]: Assigning socketPath: \\?\pipe\C:\Users\besar\OneDrive\Desktop\Amazon\Amazon\functions\6240 {"metadata":{"emulator":{"name":"functions"},"message":"[worker-~diagnostic~-d7a50e01-8081-4e23-acce-3b5e0379c089]: Assigning socketPath: \\\\?\\pipe\\C:\\Users\\besar\\OneDrive\\Desktop\\Amazon\\Amazon\\functions\\6240"}}
[debug] [2021-11-09T22:13:47.026Z] [worker-~diagnostic~-d7a50e01-8081-4e23-acce-3b5e0379c089]: BUSY {"metadata":{"emulator":{"name":"functions"},"message":"[worker-~diagnostic~-d7a50e01-8081-4e23-acce-3b5e0379c089]: BUSY"}}
[debug] [2021-11-09T22:13:47.027Z] [worker-~diagnostic~-2ba0a99b-4cd0-4dff-acdb-e61f8d2931e7]: exited {"metadata":{"emulator":{"name":"functions"},"message":"[worker-~diagnostic~-2ba0a99b-4cd0-4dff-acdb-e61f8d2931e7]: exited"}}
[debug] [2021-11-09T22:13:47.028Z] [worker-~diagnostic~-2ba0a99b-4cd0-4dff-acdb-e61f8d2931e7]: FINISHED {"metadata":{"emulator":{"name":"functions"},"message":"[worker-~diagnostic~-2ba0a99b-4cd0-4dff-acdb-e61f8d2931e7]: FINISHED"}}
[debug] [2021-11-09T22:13:47.028Z] [worker-us-central1-api-3de1fa08-6611-468c-8b83-af8701ec2bc9]: exited {"metadata":{"emulator":{"name":"functions"},"message":"[worker-us-central1-api-3de1fa08-6611-468c-8b83-af8701ec2bc9]: exited"}}
[debug] [2021-11-09T22:13:47.028Z] [worker-us-central1-api-3de1fa08-6611-468c-8b83-af8701ec2bc9]: FINISHED {"metadata":{"emulator":{"name":"functions"},"message":"[worker-us-central1-api-3de1fa08-6611-468c-8b83-af8701ec2bc9]: FINISHED"}}
[debug] [2021-11-09T22:13:47.489Z] [runtime-status] [6240] Functions runtime initialized. {"cwd":"C:\\Users\\besar\\OneDrive\\Desktop\\Amazon\\Amazon\\functions","node_version":"14.17.3"} {"metadata":{"emulator":{"name":"functions"},"message":"[runtime-status] [6240] Functions runtime initialized. {\"cwd\":\"C:\\\\Users\\\\besar\\\\OneDrive\\\\Desktop\\\\Amazon\\\\Amazon\\\\functions\",\"node_version\":\"14.17.3\"}"}}
[debug] [2021-11-09T22:13:47.492Z] [runtime-status] [6240] Disabled runtime features: undefined {"metadata":{"emulator":{"name":"functions"},"message":"[runtime-status] [6240] Disabled runtime features: undefined"}}
[debug] [2021-11-09T22:13:47.501Z] [runtime-status] [6240] Resolved module firebase-admin {"declared":true,"installed":true,"version":"9.12.0","resolution":"C:\\Users\\besar\\OneDrive\\Desktop\\Amazon\\Amazon\\functions\\node_modules\\firebase-admin\\lib\\index.js"} {"metadata":{"emulator":{"name":"functions"},"message":"[runtime-status] [6240] Resolved module firebase-admin {\"declared\":true,\"installed\":true,\"version\":\"9.12.0\",\"resolution\":\"C:\\\\Users\\\\besar\\\\OneDrive\\\\Desktop\\\\Amazon\\\\Amazon\\\\functions\\\\node_modules\\\\firebase-admin\\\\lib\\\\index.js\"}"}}
[debug] [2021-11-09T22:13:47.507Z] [runtime-status] [6240] Resolved module firebase-functions {"declared":true,"installed":true,"version":"3.15.7","resolution":"C:\\Users\\besar\\OneDrive\\Desktop\\Amazon\\Amazon\\functions\\node_modules\\firebase-functions\\lib\\index.js"} {"metadata":{"emulator":{"name":"functions"},"message":"[runtime-status] [6240] Resolved module firebase-functions {\"declared\":true,\"installed\":true,\"version\":\"3.15.7\",\"resolution\":\"C:\\\\Users\\\\besar\\\\OneDrive\\\\Desktop\\\\Amazon\\\\Amazon\\\\functions\\\\node_modules\\\\firebase-functions\\\\lib\\\\index.js\"}"}}
[debug] [2021-11-09T22:13:47.510Z] [runtime-status] [6240] Outgoing network have been stubbed. [{"name":"http","status":"mocked"},{"name":"http","status":"mocked"},{"name":"https","status":"mocked"},{"name":"https","status":"mocked"},{"name":"net","status":"mocked"}] {"metadata":{"emulator":{"name":"functions"},"message":"[runtime-status] [6240] Outgoing network have been stubbed. [{\"name\":\"http\",\"status\":\"mocked\"},{\"name\":\"http\",\"status\":\"mocked\"},{\"name\":\"https\",\"status\":\"mocked\"},{\"name\":\"https\",\"status\":\"mocked\"},{\"name\":\"net\",\"status\":\"mocked\"}]"}}
[debug] [2021-11-09T22:13:47.515Z] [runtime-status] [6240] Resolved module firebase-functions {"declared":true,"installed":true,"version":"3.15.7","resolution":"C:\\Users\\besar\\OneDrive\\Desktop\\Amazon\\Amazon\\functions\\node_modules\\firebase-functions\\lib\\index.js"} {"metadata":{"emulator":{"name":"functions"},"message":"[runtime-status] [6240] Resolved module firebase-functions {\"declared\":true,\"installed\":true,\"version\":\"3.15.7\",\"resolution\":\"C:\\\\Users\\\\besar\\\\OneDrive\\\\Desktop\\\\Amazon\\\\Amazon\\\\functions\\\\node_modules\\\\firebase-functions\\\\lib\\\\index.js\"}"}}
[debug] [2021-11-09T22:13:47.625Z] [runtime-status] [6240] Checked functions.config() {"config":{}} {"metadata":{"emulator":{"name":"functions"},"message":"[runtime-status] [6240] Checked functions.config() {\"config\":{}}"}}
[debug] [2021-11-09T22:13:47.626Z] [runtime-status] [6240] firebase-functions has been stubbed. {"functionsResolution":{"declared":true,"installed":true,"version":"3.15.7","resolution":"C:\\Users\\besar\\OneDrive\\Desktop\\Amazon\\Amazon\\functions\\node_modules\\firebase-functions\\lib\\index.js"}} {"metadata":{"emulator":{"name":"functions"},"message":"[runtime-status] [6240] firebase-functions has been stubbed. {\"functionsResolution\":{\"declared\":true,\"installed\":true,\"version\":\"3.15.7\",\"resolution\":\"C:\\\\Users\\\\besar\\\\OneDrive\\\\Desktop\\\\Amazon\\\\Amazon\\\\functions\\\\node_modules\\\\firebase-functions\\\\lib\\\\index.js\"}}"}}
[debug] [2021-11-09T22:13:47.630Z] [runtime-status] [6240] Resolved module firebase-functions {"declared":true,"installed":true,"version":"3.15.7","resolution":"C:\\Users\\besar\\OneDrive\\Desktop\\Amazon\\Amazon\\functions\\node_modules\\firebase-functions\\lib\\index.js"} {"metadata":{"emulator":{"name":"functions"},"message":"[runtime-status] [6240] Resolved module firebase-functions {\"declared\":true,\"installed\":true,\"version\":\"3.15.7\",\"resolution\":\"C:\\\\Users\\\\besar\\\\OneDrive\\\\Desktop\\\\Amazon\\\\Amazon\\\\functions\\\\node_modules\\\\firebase-functions\\\\lib\\\\index.js\"}"}}
[debug] [2021-11-09T22:13:47.633Z] [runtime-status] [6240] Resolved module firebase-admin {"declared":true,"installed":true,"version":"9.12.0","resolution":"C:\\Users\\besar\\OneDrive\\Desktop\\Amazon\\Amazon\\functions\\node_modules\\firebase-admin\\lib\\index.js"} {"metadata":{"emulator":{"name":"functions"},"message":"[runtime-status] [6240] Resolved module firebase-admin {\"declared\":true,\"installed\":true,\"version\":\"9.12.0\",\"resolution\":\"C:\\\\Users\\\\besar\\\\OneDrive\\\\Desktop\\\\Amazon\\\\Amazon\\\\functions\\\\node_modules\\\\firebase-admin\\\\lib\\\\index.js\"}"}}
[debug] [2021-11-09T22:13:47.634Z] [runtime-status] [6240] Resolved module firebase-functions {"declared":true,"installed":true,"version":"3.15.7","resolution":"C:\\Users\\besar\\OneDrive\\Desktop\\Amazon\\Amazon\\functions\\node_modules\\firebase-functions\\lib\\index.js"} {"metadata":{"emulator":{"name":"functions"},"message":"[runtime-status] [6240] Resolved module firebase-functions {\"declared\":true,\"installed\":true,\"version\":\"3.15.7\",\"resolution\":\"C:\\\\Users\\\\besar\\\\OneDrive\\\\Desktop\\\\Amazon\\\\Amazon\\\\functions\\\\node_modules\\\\firebase-functions\\\\lib\\\\index.js\"}"}}
[debug] [2021-11-09T22:13:47.634Z] [runtime-status] [6240] firebase-admin has been stubbed. {"adminResolution":{"declared":true,"installed":true,"version":"9.12.0","resolution":"C:\\Users\\besar\\OneDrive\\Desktop\\Amazon\\Amazon\\functions\\node_modules\\firebase-admin\\lib\\index.js"}} {"metadata":{"emulator":{"name":"functions"},"message":"[runtime-status] [6240] firebase-admin has been stubbed. {\"adminResolution\":{\"declared\":true,\"installed\":true,\"version\":\"9.12.0\",\"resolution\":\"C:\\\\Users\\\\besar\\\\OneDrive\\\\Desktop\\\\Amazon\\\\Amazon\\\\functions\\\\node_modules\\\\firebase-admin\\\\lib\\\\index.js\"}}"}}
[debug] [2021-11-09T22:13:47.949Z] [worker-~diagnostic~-d7a50e01-8081-4e23-acce-3b5e0379c089]: IDLE {"metadata":{"emulator":{"name":"functions"},"message":"[worker-~diagnostic~-d7a50e01-8081-4e23-acce-3b5e0379c089]: IDLE"}}
[debug] [2021-11-09T22:13:48.664Z] [work-queue] {"queueLength":1,"workRunningCount":0}
[debug] [2021-11-09T22:13:48.664Z] [work-queue] {"queueLength":0,"workRunningCount":1}
[debug] [2021-11-09T22:13:48.665Z] Accepted request GET /fir-7bfaa/us-central1/api --> us-central1-api
[debug] [2021-11-09T22:13:48.665Z] [worker-pool] Cleaned up workers for ~diagnostic~: 2 --> 1 {"metadata":{"emulator":{"name":"functions"},"message":"[worker-pool] Cleaned up workers for ~diagnostic~: 2 --> 1"}}
[debug] [2021-11-09T22:13:48.665Z] [worker-pool] Cleaned up workers for us-central1-api: 1 --> 0 {"metadata":{"emulator":{"name":"functions"},"message":"[worker-pool] Cleaned up workers for us-central1-api: 1 --> 0"}}
[debug] [2021-11-09T22:13:48.671Z] [worker-pool] addWorker(us-central1-api) {"metadata":{"emulator":{"name":"functions"},"message":"[worker-pool] addWorker(us-central1-api)"}}
[debug] [2021-11-09T22:13:48.672Z] [worker-pool] Adding worker with key us-central1-api, total=1 {"metadata":{"emulator":{"name":"functions"},"message":"[worker-pool] Adding worker with key us-central1-api, total=1"}}
[debug] [2021-11-09T22:13:48.672Z] [worker-pool] submitWork(triggerId=us-central1-api) {"metadata":{"emulator":{"name":"functions"},"message":"[worker-pool] submitWork(triggerId=us-central1-api)"}}
[debug] [2021-11-09T22:13:48.672Z] [worker-us-central1-api-1077e1c3-935b-4d85-a199-ebf7a4a3cc89]: Assigning socketPath: \\?\pipe\C:\Users\besar\OneDrive\Desktop\Amazon\Amazon\functions\9628 {"metadata":{"emulator":{"name":"functions"},"message":"[worker-us-central1-api-1077e1c3-935b-4d85-a199-ebf7a4a3cc89]: Assigning socketPath: \\\\?\\pipe\\C:\\Users\\besar\\OneDrive\\Desktop\\Amazon\\Amazon\\functions\\9628"}}
[debug] [2021-11-09T22:13:48.672Z] [worker-us-central1-api-1077e1c3-935b-4d85-a199-ebf7a4a3cc89]: BUSY {"metadata":{"emulator":{"name":"functions"},"message":"[worker-us-central1-api-1077e1c3-935b-4d85-a199-ebf7a4a3cc89]: BUSY"}}
[debug] [2021-11-09T22:13:48.967Z] [runtime-status] [9628] Functions runtime initialized. {"cwd":"C:\\Users\\besar\\OneDrive\\Desktop\\Amazon\\Amazon\\functions","node_version":"14.17.3"} {"metadata":{"emulator":{"name":"functions"},"function":{"name":"us-central1-api"},"message":"[runtime-status] [9628] Functions runtime initialized. {\"cwd\":\"C:\\\\Users\\\\besar\\\\OneDrive\\\\Desktop\\\\Amazon\\\\Amazon\\\\functions\",\"node_version\":\"14.17.3\"}"}}
[debug] [2021-11-09T22:13:48.970Z] [runtime-status] [9628] Disabled runtime features: undefined {"metadata":{"emulator":{"name":"functions"},"function":{"name":"us-central1-api"},"message":"[runtime-status] [9628] Disabled runtime features: undefined"}}
[debug] [2021-11-09T22:13:48.974Z] [runtime-status] [9628] Resolved module firebase-admin {"declared":true,"installed":true,"version":"9.12.0","resolution":"C:\\Users\\besar\\OneDrive\\Desktop\\Amazon\\Amazon\\functions\\node_modules\\firebase-admin\\lib\\index.js"} {"metadata":{"emulator":{"name":"functions"},"function":{"name":"us-central1-api"},"message":"[runtime-status] [9628] Resolved module firebase-admin {\"declared\":true,\"installed\":true,\"version\":\"9.12.0\",\"resolution\":\"C:\\\\Users\\\\besar\\\\OneDrive\\\\Desktop\\\\Amazon\\\\Amazon\\\\functions\\\\node_modules\\\\firebase-admin\\\\lib\\\\index.js\"}"}}
[debug] [2021-11-09T22:13:48.979Z] [runtime-status] [9628] Resolved module firebase-functions {"declared":true,"installed":true,"version":"3.15.7","resolution":"C:\\Users\\besar\\OneDrive\\Desktop\\Amazon\\Amazon\\functions\\node_modules\\firebase-functions\\lib\\index.js"} {"metadata":{"emulator":{"name":"functions"},"function":{"name":"us-central1-api"},"message":"[runtime-status] [9628] Resolved module firebase-functions {\"declared\":true,\"installed\":true,\"version\":\"3.15.7\",\"resolution\":\"C:\\\\Users\\\\besar\\\\OneDrive\\\\Desktop\\\\Amazon\\\\Amazon\\\\functions\\\\node_modules\\\\firebase-functions\\\\lib\\\\index.js\"}"}}
[debug] [2021-11-09T22:13:48.981Z] [runtime-status] [9628] Outgoing network have been stubbed. [{"name":"http","status":"mocked"},{"name":"http","status":"mocked"},{"name":"https","status":"mocked"},{"name":"https","status":"mocked"},{"name":"net","status":"mocked"}] {"metadata":{"emulator":{"name":"functions"},"function":{"name":"us-central1-api"},"message":"[runtime-status] [9628] Outgoing network have been stubbed. [{\"name\":\"http\",\"status\":\"mocked\"},{\"name\":\"http\",\"status\":\"mocked\"},{\"name\":\"https\",\"status\":\"mocked\"},{\"name\":\"https\",\"status\":\"mocked\"},{\"name\":\"net\",\"status\":\"mocked\"}]"}}
[debug] [2021-11-09T22:13:48.984Z] [runtime-status] [9628] Resolved module firebase-functions {"declared":true,"installed":true,"version":"3.15.7","resolution":"C:\\Users\\besar\\OneDrive\\Desktop\\Amazon\\Amazon\\functions\\node_modules\\firebase-functions\\lib\\index.js"} {"metadata":{"emulator":{"name":"functions"},"function":{"name":"us-central1-api"},"message":"[runtime-status] [9628] Resolved module firebase-functions {\"declared\":true,\"installed\":true,\"version\":\"3.15.7\",\"resolution\":\"C:\\\\Users\\\\besar\\\\OneDrive\\\\Desktop\\\\Amazon\\\\Amazon\\\\functions\\\\node_modules\\\\firebase-functions\\\\lib\\\\index.js\"}"}}
[debug] [2021-11-09T22:13:49.070Z] [runtime-status] [9628] Checked functions.config() {"config":{}} {"metadata":{"emulator":{"name":"functions"},"function":{"name":"us-central1-api"},"message":"[runtime-status] [9628] Checked functions.config() {\"config\":{}}"}}
[debug] [2021-11-09T22:13:49.070Z] [runtime-status] [9628] firebase-functions has been stubbed. {"functionsResolution":{"declared":true,"installed":true,"version":"3.15.7","resolution":"C:\\Users\\besar\\OneDrive\\Desktop\\Amazon\\Amazon\\functions\\node_modules\\firebase-functions\\lib\\index.js"}} {"metadata":{"emulator":{"name":"functions"},"function":{"name":"us-central1-api"},"message":"[runtime-status] [9628] firebase-functions has been stubbed. {\"functionsResolution\":{\"declared\":true,\"installed\":true,\"version\":\"3.15.7\",\"resolution\":\"C:\\\\Users\\\\besar\\\\OneDrive\\\\Desktop\\\\Amazon\\\\Amazon\\\\functions\\\\node_modules\\\\firebase-functions\\\\lib\\\\index.js\"}}"}}
[debug] [2021-11-09T22:13:49.071Z] [runtime-status] [9628] Resolved module firebase-functions {"declared":true,"installed":true,"version":"3.15.7","resolution":"C:\\Users\\besar\\OneDrive\\Desktop\\Amazon\\Amazon\\functions\\node_modules\\firebase-functions\\lib\\index.js"} {"metadata":{"emulator":{"name":"functions"},"function":{"name":"us-central1-api"},"message":"[runtime-status] [9628] Resolved module firebase-functions {\"declared\":true,\"installed\":true,\"version\":\"3.15.7\",\"resolution\":\"C:\\\\Users\\\\besar\\\\OneDrive\\\\Desktop\\\\Amazon\\\\Amazon\\\\functions\\\\node_modules\\\\firebase-functions\\\\lib\\\\index.js\"}"}}
[debug] [2021-11-09T22:13:49.073Z] [runtime-status] [9628] Resolved module firebase-admin {"declared":true,"installed":true,"version":"9.12.0","resolution":"C:\\Users\\besar\\OneDrive\\Desktop\\Amazon\\Amazon\\functions\\node_modules\\firebase-admin\\lib\\index.js"} {"metadata":{"emulator":{"name":"functions"},"function":{"name":"us-central1-api"},"message":"[runtime-status] [9628] Resolved module firebase-admin {\"declared\":true,\"installed\":true,\"version\":\"9.12.0\",\"resolution\":\"C:\\\\Users\\\\besar\\\\OneDrive\\\\Desktop\\\\Amazon\\\\Amazon\\\\functions\\\\node_modules\\\\firebase-admin\\\\lib\\\\index.js\"}"}}
[debug] [2021-11-09T22:13:49.074Z] [runtime-status] [9628] Resolved module firebase-functions {"declared":true,"installed":true,"version":"3.15.7","resolution":"C:\\Users\\besar\\OneDrive\\Desktop\\Amazon\\Amazon\\functions\\node_modules\\firebase-functions\\lib\\index.js"} {"metadata":{"emulator":{"name":"functions"},"function":{"name":"us-central1-api"},"message":"[runtime-status] [9628] Resolved module firebase-functions {\"declared\":true,\"installed\":true,\"version\":\"3.15.7\",\"resolution\":\"C:\\\\Users\\\\besar\\\\OneDrive\\\\Desktop\\\\Amazon\\\\Amazon\\\\functions\\\\node_modules\\\\firebase-functions\\\\lib\\\\index.js\"}"}}
[debug] [2021-11-09T22:13:49.074Z] [runtime-status] [9628] firebase-admin has been stubbed. {"adminResolution":{"declared":true,"installed":true,"version":"9.12.0","resolution":"C:\\Users\\besar\\OneDrive\\Desktop\\Amazon\\Amazon\\functions\\node_modules\\firebase-admin\\lib\\index.js"}} {"metadata":{"emulator":{"name":"functions"},"function":{"name":"us-central1-api"},"message":"[runtime-status] [9628] firebase-admin has been stubbed. {\"adminResolution\":{\"declared\":true,\"installed\":true,\"version\":\"9.12.0\",\"resolution\":\"C:\\\\Users\\\\besar\\\\OneDrive\\\\Desktop\\\\Amazon\\\\Amazon\\\\functions\\\\node_modules\\\\firebase-admin\\\\lib\\\\index.js\"}}"}}
[debug] [2021-11-09T22:13:49.333Z] [runtime-status] [9628] Trigger "us-central1-api" has been found, beginning invocation! {"metadata":{"emulator":{"name":"functions"},"function":{"name":"us-central1-api"},"message":"[runtime-status] [9628] Trigger \"us-central1-api\" has been found, beginning invocation!"}}
[info] i  functions: Beginning execution of "us-central1-api" {"metadata":{"emulator":{"name":"functions"},"function":{"name":"us-central1-api"},"message":"Beginning execution of \"us-central1-api\""}}
[debug] [2021-11-09T22:13:49.334Z] [runtime-status] [9628] triggerDefinition {"httpsTrigger":{},"name":"api","entryPoint":"api","regions":["us-central1"],"region":"us-central1","id":"us-central1-api"} {"metadata":{"emulator":{"name":"functions"},"function":{"name":"us-central1-api"},"message":"[runtime-status] [9628] triggerDefinition {\"httpsTrigger\":{},\"name\":\"api\",\"entryPoint\":\"api\",\"regions\":[\"us-central1\"],\"region\":\"us-central1\",\"id\":\"us-central1-api\"}"}}
[debug] [2021-11-09T22:13:49.334Z] [runtime-status] [9628] Running us-central1-api in signature http {"metadata":{"emulator":{"name":"functions"},"function":{"name":"us-central1-api"},"message":"[runtime-status] [9628] Running us-central1-api in signature http"}}
[debug] [2021-11-09T22:13:49.339Z] [runtime-status] [9628] Attempting to listen to socketPath: \\?\pipe\C:\Users\besar\OneDrive\Desktop\Amazon\Amazon\functions\9628 {"metadata":{"emulator":{"name":"functions"},"function":{"name":"us-central1-api"},"message":"[runtime-status] [9628] Attempting to listen to socketPath: \\\\?\\pipe\\C:\\Users\\besar\\OneDrive\\Desktop\\Amazon\\Amazon\\functions\\9628"}}
[debug] [2021-11-09T22:13:49.342Z] [functions] Runtime ready! Sending request! {"metadata":{"emulator":{"name":"functions"},"message":"[functions] Runtime ready! Sending request!"}}
[debug] [2021-11-09T22:13:49.343Z] [functions] Got req.url=/fir-7bfaa/us-central1/api, mapping to path=/ {"metadata":{"emulator":{"name":"functions"},"message":"[functions] Got req.url=/fir-7bfaa/us-central1/api, mapping to path=/"}}
[debug] [2021-11-09T22:13:49.355Z] [runtime-status] [9628] Ephemeral server handling GET request {"metadata":{"emulator":{"name":"functions"},"function":{"name":"us-central1-api"},"message":"[runtime-status] [9628] Ephemeral server handling GET request"}}
[debug] [2021-11-09T22:13:49.366Z] [runtime-status] [9628] Ephemeral server survived. {"metadata":{"emulator":{"name":"functions"},"function":{"name":"us-central1-api"},"message":"[runtime-status] [9628] Ephemeral server survived."}}
[info] i  functions: Finished "us-central1-api" in ~1s {"metadata":{"emulator":{"name":"functions"},"function":{"name":"us-central1-api"},"message":"Finished \"us-central1-api\" in ~1s"}}
[debug] [2021-11-09T22:13:49.378Z] [worker-us-central1-api-1077e1c3-935b-4d85-a199-ebf7a4a3cc89]: IDLE {"metadata":{"emulator":{"name":"functions"},"message":"[worker-us-central1-api-1077e1c3-935b-4d85-a199-ebf7a4a3cc89]: IDLE"}}
[debug] [2021-11-09T22:13:49.378Z] [work-queue] {"queueLength":0,"workRunningCount":0}
[debug] [2021-11-09T22:13:50.408Z] File C:\Users\besar\OneDrive\Desktop\Amazon\Amazon\functions\index.js changed, reloading triggers {"metadata":{"emulator":{"name":"functions"},"message":"File C:\\Users\\besar\\OneDrive\\Desktop\\Amazon\\Amazon\\functions\\index.js changed, reloading triggers"}}
[debug] [2021-11-09T22:13:51.415Z] [worker-pool] Shutting down IDLE worker (~diagnostic~) {"metadata":{"emulator":{"name":"functions"},"message":"[worker-pool] Shutting down IDLE worker (~diagnostic~)"}}
[debug] [2021-11-09T22:13:51.415Z] [worker-~diagnostic~-d7a50e01-8081-4e23-acce-3b5e0379c089]: FINISHING {"metadata":{"emulator":{"name":"functions"},"message":"[worker-~diagnostic~-d7a50e01-8081-4e23-acce-3b5e0379c089]: FINISHING"}}
[debug] [2021-11-09T22:13:51.416Z] [worker-pool] Shutting down IDLE worker (us-central1-api) {"metadata":{"emulator":{"name":"functions"},"message":"[worker-pool] Shutting down IDLE worker (us-central1-api)"}}
[debug] [2021-11-09T22:13:51.416Z] [worker-us-central1-api-1077e1c3-935b-4d85-a199-ebf7a4a3cc89]: FINISHING {"metadata":{"emulator":{"name":"functions"},"message":"[worker-us-central1-api-1077e1c3-935b-4d85-a199-ebf7a4a3cc89]: FINISHING"}}
[debug] [2021-11-09T22:13:51.423Z] [worker-pool] addWorker(~diagnostic~) {"metadata":{"emulator":{"name":"functions"},"message":"[worker-pool] addWorker(~diagnostic~)"}}
[debug] [2021-11-09T22:13:51.423Z] [worker-pool] Adding worker with key ~diagnostic~, total=2 {"metadata":{"emulator":{"name":"functions"},"message":"[worker-pool] Adding worker with key ~diagnostic~, total=2"}}
[debug] [2021-11-09T22:13:51.423Z] [worker-pool] submitWork(triggerId=) {"metadata":{"emulator":{"name":"functions"},"message":"[worker-pool] submitWork(triggerId=)"}}
[debug] [2021-11-09T22:13:51.424Z] [worker-~diagnostic~-afcc8596-f2e5-43a8-8878-ce44d1872526]: Assigning socketPath: \\?\pipe\C:\Users\besar\OneDrive\Desktop\Amazon\Amazon\functions\8396 {"metadata":{"emulator":{"name":"functions"},"message":"[worker-~diagnostic~-afcc8596-f2e5-43a8-8878-ce44d1872526]: Assigning socketPath: \\\\?\\pipe\\C:\\Users\\besar\\OneDrive\\Desktop\\Amazon\\Amazon\\functions\\8396"}}
[debug] [2021-11-09T22:13:51.424Z] [worker-~diagnostic~-afcc8596-f2e5-43a8-8878-ce44d1872526]: BUSY {"metadata":{"emulator":{"name":"functions"},"message":"[worker-~diagnostic~-afcc8596-f2e5-43a8-8878-ce44d1872526]: BUSY"}}
[debug] [2021-11-09T22:13:51.431Z] [worker-us-central1-api-1077e1c3-935b-4d85-a199-ebf7a4a3cc89]: exited {"metadata":{"emulator":{"name":"functions"},"message":"[worker-us-central1-api-1077e1c3-935b-4d85-a199-ebf7a4a3cc89]: exited"}}
[debug] [2021-11-09T22:13:51.431Z] [worker-us-central1-api-1077e1c3-935b-4d85-a199-ebf7a4a3cc89]: FINISHED {"metadata":{"emulator":{"name":"functions"},"message":"[worker-us-central1-api-1077e1c3-935b-4d85-a199-ebf7a4a3cc89]: FINISHED"}}
[debug] [2021-11-09T22:13:51.431Z] [worker-~diagnostic~-d7a50e01-8081-4e23-acce-3b5e0379c089]: exited {"metadata":{"emulator":{"name":"functions"},"message":"[worker-~diagnostic~-d7a50e01-8081-4e23-acce-3b5e0379c089]: exited"}}
[debug] [2021-11-09T22:13:51.432Z] [worker-~diagnostic~-d7a50e01-8081-4e23-acce-3b5e0379c089]: FINISHED {"metadata":{"emulator":{"name":"functions"},"message":"[worker-~diagnostic~-d7a50e01-8081-4e23-acce-3b5e0379c089]: FINISHED"}}
[debug] [2021-11-09T22:13:51.720Z] [runtime-status] [8396] Functions runtime initialized. {"cwd":"C:\\Users\\besar\\OneDrive\\Desktop\\Amazon\\Amazon\\functions","node_version":"14.17.3"} {"metadata":{"emulator":{"name":"functions"},"message":"[runtime-status] [8396] Functions runtime initialized. {\"cwd\":\"C:\\\\Users\\\\besar\\\\OneDrive\\\\Desktop\\\\Amazon\\\\Amazon\\\\functions\",\"node_version\":\"14.17.3\"}"}}
[debug] [2021-11-09T22:13:51.723Z] [runtime-status] [8396] Disabled runtime features: undefined {"metadata":{"emulator":{"name":"functions"},"message":"[runtime-status] [8396] Disabled runtime features: undefined"}}
[debug] [2021-11-09T22:13:51.731Z] [runtime-status] [8396] Resolved module firebase-admin {"declared":true,"installed":true,"version":"9.12.0","resolution":"C:\\Users\\besar\\OneDrive\\Desktop\\Amazon\\Amazon\\functions\\node_modules\\firebase-admin\\lib\\index.js"} {"metadata":{"emulator":{"name":"functions"},"message":"[runtime-status] [8396] Resolved module firebase-admin {\"declared\":true,\"installed\":true,\"version\":\"9.12.0\",\"resolution\":\"C:\\\\Users\\\\besar\\\\OneDrive\\\\Desktop\\\\Amazon\\\\Amazon\\\\functions\\\\node_modules\\\\firebase-admin\\\\lib\\\\index.js\"}"}}
[debug] [2021-11-09T22:13:51.735Z] [runtime-status] [8396] Resolved module firebase-functions {"declared":true,"installed":true,"version":"3.15.7","resolution":"C:\\Users\\besar\\OneDrive\\Desktop\\Amazon\\Amazon\\functions\\node_modules\\firebase-functions\\lib\\index.js"} {"metadata":{"emulator":{"name":"functions"},"message":"[runtime-status] [8396] Resolved module firebase-functions {\"declared\":true,\"installed\":true,\"version\":\"3.15.7\",\"resolution\":\"C:\\\\Users\\\\besar\\\\OneDrive\\\\Desktop\\\\Amazon\\\\Amazon\\\\functions\\\\node_modules\\\\firebase-functions\\\\lib\\\\index.js\"}"}}
[debug] [2021-11-09T22:13:51.737Z] [runtime-status] [8396] Outgoing network have been stubbed. [{"name":"http","status":"mocked"},{"name":"http","status":"mocked"},{"name":"https","status":"mocked"},{"name":"https","status":"mocked"},{"name":"net","status":"mocked"}] {"metadata":{"emulator":{"name":"functions"},"message":"[runtime-status] [8396] Outgoing network have been stubbed. [{\"name\":\"http\",\"status\":\"mocked\"},{\"name\":\"http\",\"status\":\"mocked\"},{\"name\":\"https\",\"status\":\"mocked\"},{\"name\":\"https\",\"status\":\"mocked\"},{\"name\":\"net\",\"status\":\"mocked\"}]"}}
[debug] [2021-11-09T22:13:51.738Z] [runtime-status] [8396] Resolved module firebase-functions {"declared":true,"installed":true,"version":"3.15.7","resolution":"C:\\Users\\besar\\OneDrive\\Desktop\\Amazon\\Amazon\\functions\\node_modules\\firebase-functions\\lib\\index.js"} {"metadata":{"emulator":{"name":"functions"},"message":"[runtime-status] [8396] Resolved module firebase-functions {\"declared\":true,\"installed\":true,\"version\":\"3.15.7\",\"resolution\":\"C:\\\\Users\\\\besar\\\\OneDrive\\\\Desktop\\\\Amazon\\\\Amazon\\\\functions\\\\node_modules\\\\firebase-functions\\\\lib\\\\index.js\"}"}}
[debug] [2021-11-09T22:13:51.823Z] [runtime-status] [8396] Checked functions.config() {"config":{}} {"metadata":{"emulator":{"name":"functions"},"message":"[runtime-status] [8396] Checked functions.config() {\"config\":{}}"}}
[debug] [2021-11-09T22:13:51.823Z] [runtime-status] [8396] firebase-functions has been stubbed. {"functionsResolution":{"declared":true,"installed":true,"version":"3.15.7","resolution":"C:\\Users\\besar\\OneDrive\\Desktop\\Amazon\\Amazon\\functions\\node_modules\\firebase-functions\\lib\\index.js"}} {"metadata":{"emulator":{"name":"functions"},"message":"[runtime-status] [8396] firebase-functions has been stubbed. {\"functionsResolution\":{\"declared\":true,\"installed\":true,\"version\":\"3.15.7\",\"resolution\":\"C:\\\\Users\\\\besar\\\\OneDrive\\\\Desktop\\\\Amazon\\\\Amazon\\\\functions\\\\node_modules\\\\firebase-functions\\\\lib\\\\index.js\"}}"}}
[debug] [2021-11-09T22:13:51.825Z] [runtime-status] [8396] Resolved module firebase-functions {"declared":true,"installed":true,"version":"3.15.7","resolution":"C:\\Users\\besar\\OneDrive\\Desktop\\Amazon\\Amazon\\functions\\node_modules\\firebase-functions\\lib\\index.js"} {"metadata":{"emulator":{"name":"functions"},"message":"[runtime-status] [8396] Resolved module firebase-functions {\"declared\":true,\"installed\":true,\"version\":\"3.15.7\",\"resolution\":\"C:\\\\Users\\\\besar\\\\OneDrive\\\\Desktop\\\\Amazon\\\\Amazon\\\\functions\\\\node_modules\\\\firebase-functions\\\\lib\\\\index.js\"}"}}
[debug] [2021-11-09T22:13:51.829Z] [runtime-status] [8396] Resolved module firebase-admin {"declared":true,"installed":true,"version":"9.12.0","resolution":"C:\\Users\\besar\\OneDrive\\Desktop\\Amazon\\Amazon\\functions\\node_modules\\firebase-admin\\lib\\index.js"} {"metadata":{"emulator":{"name":"functions"},"message":"[runtime-status] [8396] Resolved module firebase-admin {\"declared\":true,\"installed\":true,\"version\":\"9.12.0\",\"resolution\":\"C:\\\\Users\\\\besar\\\\OneDrive\\\\Desktop\\\\Amazon\\\\Amazon\\\\functions\\\\node_modules\\\\firebase-admin\\\\lib\\\\index.js\"}"}}
[debug] [2021-11-09T22:13:51.831Z] [runtime-status] [8396] Resolved module firebase-functions {"declared":true,"installed":true,"version":"3.15.7","resolution":"C:\\Users\\besar\\OneDrive\\Desktop\\Amazon\\Amazon\\functions\\node_modules\\firebase-functions\\lib\\index.js"} {"metadata":{"emulator":{"name":"functions"},"message":"[runtime-status] [8396] Resolved module firebase-functions {\"declared\":true,\"installed\":true,\"version\":\"3.15.7\",\"resolution\":\"C:\\\\Users\\\\besar\\\\OneDrive\\\\Desktop\\\\Amazon\\\\Amazon\\\\functions\\\\node_modules\\\\firebase-functions\\\\lib\\\\index.js\"}"}}
[debug] [2021-11-09T22:13:51.831Z] [runtime-status] [8396] firebase-admin has been stubbed. {"adminResolution":{"declared":true,"installed":true,"version":"9.12.0","resolution":"C:\\Users\\besar\\OneDrive\\Desktop\\Amazon\\Amazon\\functions\\node_modules\\firebase-admin\\lib\\index.js"}} {"metadata":{"emulator":{"name":"functions"},"message":"[runtime-status] [8396] firebase-admin has been stubbed. {\"adminResolution\":{\"declared\":true,\"installed\":true,\"version\":\"9.12.0\",\"resolution\":\"C:\\\\Users\\\\besar\\\\OneDrive\\\\Desktop\\\\Amazon\\\\Amazon\\\\functions\\\\node_modules\\\\firebase-admin\\\\lib\\\\index.js\"}}"}}
[debug] [2021-11-09T22:13:52.054Z] [worker-~diagnostic~-afcc8596-f2e5-43a8-8878-ce44d1872526]: IDLE {"metadata":{"emulator":{"name":"functions"},"message":"[worker-~diagnostic~-afcc8596-f2e5-43a8-8878-ce44d1872526]: IDLE"}}
[debug] [2021-11-09T22:14:04.368Z] File C:\Users\besar\OneDrive\Desktop\Amazon\Amazon\functions\index.js changed, reloading triggers {"metadata":{"emulator":{"name":"functions"},"message":"File C:\\Users\\besar\\OneDrive\\Desktop\\Amazon\\Amazon\\functions\\index.js changed, reloading triggers"}}
